<?xml version="1.0" encoding="UTF-8"?>
<!-- Generated by org.testng.reporters.JUnitXMLReporter -->
<testsuite ignored="0" hostname="BINTERNS-QA35L" failures="1" tests="4" name="Surefire test" time="0.183" errors="0" timestamp="2023-05-19T11:52:18 IST">
  <testcase classname="testmethod.Pharmeasy_plusmodule" name="@AfterMethod getResult" time="0.003">
    <failure type="java.lang.NullPointerException" message="Cannot invoke &amp;quot;com.relevantcodes.extentreports.ExtentTest.log(com.relevantcodes.extentreports.LogStatus, String)&amp;quot; because &amp;quot;testmethod.Pharmeasy_plusmodule.log&amp;quot; is null">
      <![CDATA[java.lang.NullPointerException: Cannot invoke "com.relevantcodes.extentreports.ExtentTest.log(com.relevantcodes.extentreports.LogStatus, String)" because "testmethod.Pharmeasy_plusmodule.log" is null
at testmethod.Pharmeasy_plusmodule.getResult(Pharmeasy_plusmodule.java:81)
at java.base/java.util.ArrayList.forEach(ArrayList.java:1511)
... Removed 37 stack frames]]>
    </failure>
  </testcase> <!-- @AfterMethod getResult -->
  <testcase classname="testmethod.Pharmeasy_plusmodule" name="@AfterMethod getResult" time="0.0">
    <skipped/>
  </testcase> <!-- @AfterMethod getResult -->
  <testcase classname="testmethod.Pharmeasy_plusmodule" name="@AfterMethod getResult" time="0.0">
    <skipped/>
  </testcase> <!-- @AfterMethod getResult -->
  <testcase classname="testmethod.Pharmeasy_plusmodule" name="@AfterMethod getResult" time="0.0">
    <skipped/>
  </testcase> <!-- @AfterMethod getResult -->
  <testcase classname="testmethod.Pharmeasy_plusmodule" name="Plus" time="0.002">
    <failure type="java.lang.NullPointerException" message="Cannot invoke &amp;quot;com.relevantcodes.extentreports.ExtentReports.startTest(String)&amp;quot; because &amp;quot;testmethod.Pharmeasy_plusmodule.report&amp;quot; is null">
      <![CDATA[java.lang.NullPointerException: Cannot invoke "com.relevantcodes.extentreports.ExtentReports.startTest(String)" because "testmethod.Pharmeasy_plusmodule.report" is null
at testmethod.Pharmeasy_plusmodule.Plus(Pharmeasy_plusmodule.java:47)
at java.base/java.util.ArrayList.forEach(ArrayList.java:1511)
... Removed 32 stack frames]]>
    </failure>
  </testcase> <!-- Plus -->
  <testcase classname="testmethod.Pharmeasy_plusmodule" name="Logo" time="0.0">
    <skipped/>
  </testcase> <!-- Logo -->
  <testcase classname="testmethod.Pharmeasy_plusmodule" name="Exclusive" time="0.0">
    <skipped/>
  </testcase> <!-- Exclusive -->
  <testcase classname="testmethod.Pharmeasy_plusmodule" name="Coupon" time="0.0">
    <skipped/>
  </testcase> <!-- Coupon -->
</testsuite> <!-- Surefire test -->
